<?xml version="1.0" encoding="UTF-8"?>
<!-- Generated by org.testng.reporters.JUnitReportReporter -->
<testsuite skipped="0" hostname="EXIMR-IM-708" name="TestPkg.testClass2" tests="1" failures="0" timestamp="10 May 2019 10:51:27 GMT" time="0.011" errors="0">
  <testcase name="test" time="0.011" classname="TestPkg.testClass2"/>
</testsuite> <!-- TestPkg.testClass2 -->
